2023-05-03 20:24:10 - HV000001: Hibernate Validator 8.0.0.Final
2023-05-03 20:24:11 - Starting TranslatorApp using Java 17.0.2 with PID 11496 (D:\Ann\education\hw\translator\target\classes started by Администратор in D:\Ann\education\hw\translator)
2023-05-03 20:24:11 - No active profile set, falling back to 1 default profile: "default"
2023-05-03 20:24:14 - Tomcat initialized with port(s): 8080 (http)
2023-05-03 20:24:14 - Initializing ProtocolHandler ["http-nio-8080"]
2023-05-03 20:24:14 - Starting service [Tomcat]
2023-05-03 20:24:14 - Starting Servlet engine: [Apache Tomcat/10.1.7]
2023-05-03 20:24:14 - Initializing Spring embedded WebApplicationContext
2023-05-03 20:24:14 - Root WebApplicationContext: initialization completed in 3132 ms
2023-05-03 20:24:15 - Starting ProtocolHandler ["http-nio-8080"]
2023-05-03 20:24:15 - Tomcat started on port(s): 8080 (http) with context path ''
2023-05-03 20:24:15 - Started TranslatorApp in 4.967 seconds (process running for 7.203)
2023-05-03 20:24:42 - Initializing Spring DispatcherServlet 'dispatcherServlet'
2023-05-03 20:24:42 - Initializing Servlet 'dispatcherServlet'
2023-05-03 20:24:42 - Completed initialization in 1 ms
2023-05-03 20:29:53 - HV000001: Hibernate Validator 8.0.0.Final
2023-05-03 20:29:53 - Starting TranslatorApp using Java 17.0.2 with PID 11176 (D:\Ann\education\hw\translator\target\classes started by Администратор in D:\Ann\education\hw\translator)
2023-05-03 20:29:53 - No active profile set, falling back to 1 default profile: "default"
2023-05-03 20:29:57 - Tomcat initialized with port(s): 8080 (http)
2023-05-03 20:29:57 - Initializing ProtocolHandler ["http-nio-8080"]
2023-05-03 20:29:57 - Starting service [Tomcat]
2023-05-03 20:29:57 - Starting Servlet engine: [Apache Tomcat/10.1.7]
2023-05-03 20:29:58 - Initializing Spring embedded WebApplicationContext
2023-05-03 20:29:58 - Root WebApplicationContext: initialization completed in 4688 ms
2023-05-03 20:29:59 - Starting ProtocolHandler ["http-nio-8080"]
2023-05-03 20:29:59 - Tomcat started on port(s): 8080 (http) with context path ''
2023-05-03 20:29:59 - Started TranslatorApp in 6.776 seconds (process running for 8.786)
2023-05-03 20:30:39 - Initializing Spring DispatcherServlet 'dispatcherServlet'
2023-05-03 20:30:39 - Initializing Servlet 'dispatcherServlet'
2023-05-03 20:30:39 - Completed initialization in 1 ms
2023-05-03 20:32:14 - HV000001: Hibernate Validator 8.0.0.Final
2023-05-03 20:32:14 - Starting TranslatorApp using Java 17.0.2 with PID 11456 (D:\Ann\education\hw\translator\target\classes started by Администратор in D:\Ann\education\hw\translator)
2023-05-03 20:32:14 - No active profile set, falling back to 1 default profile: "default"
2023-05-03 20:32:17 - Tomcat initialized with port(s): 8081 (http)
2023-05-03 20:32:17 - Initializing ProtocolHandler ["http-nio-8081"]
2023-05-03 20:32:17 - Starting service [Tomcat]
2023-05-03 20:32:17 - Starting Servlet engine: [Apache Tomcat/10.1.7]
2023-05-03 20:32:18 - Initializing Spring embedded WebApplicationContext
2023-05-03 20:32:18 - Root WebApplicationContext: initialization completed in 3126 ms
2023-05-03 20:32:18 - Starting ProtocolHandler ["http-nio-8081"]
2023-05-03 20:32:19 - Tomcat started on port(s): 8081 (http) with context path ''
2023-05-03 20:32:19 - Started TranslatorApp in 4.964 seconds (process running for 6.936)
2023-05-03 20:32:42 - Initializing Spring DispatcherServlet 'dispatcherServlet'
2023-05-03 20:32:42 - Initializing Servlet 'dispatcherServlet'
2023-05-03 20:32:42 - Completed initialization in 1 ms
2023-05-03 20:38:23 - HV000001: Hibernate Validator 8.0.0.Final
2023-05-03 20:38:23 - Starting TranslatorApp using Java 17.0.2 with PID 15716 (D:\Ann\education\hw\translator\target\classes started by Администратор in D:\Ann\education\hw\translator)
2023-05-03 20:38:23 - No active profile set, falling back to 1 default profile: "default"
2023-05-03 20:38:27 - Tomcat initialized with port(s): 8081 (http)
2023-05-03 20:38:27 - Initializing ProtocolHandler ["http-nio-8081"]
2023-05-03 20:38:27 - Starting service [Tomcat]
2023-05-03 20:38:27 - Starting Servlet engine: [Apache Tomcat/10.1.7]
2023-05-03 20:38:27 - Initializing Spring embedded WebApplicationContext
2023-05-03 20:38:27 - Root WebApplicationContext: initialization completed in 3496 ms
2023-05-03 20:38:29 - Starting ProtocolHandler ["http-nio-8081"]
2023-05-03 20:38:29 - Tomcat started on port(s): 8081 (http) with context path ''
2023-05-03 20:38:29 - Started TranslatorApp in 6.453 seconds (process running for 8.919)
2023-05-03 20:38:41 - Initializing Spring DispatcherServlet 'dispatcherServlet'
2023-05-03 20:38:41 - Initializing Servlet 'dispatcherServlet'
2023-05-03 20:38:41 - Completed initialization in 2 ms
2023-05-03 20:42:57 - HV000001: Hibernate Validator 8.0.0.Final
2023-05-03 20:42:58 - Starting TranslatorApp using Java 17.0.2 with PID 4044 (D:\Ann\education\hw\translator\target\classes started by Администратор in D:\Ann\education\hw\translator)
2023-05-03 20:42:58 - No active profile set, falling back to 1 default profile: "default"
2023-05-03 20:43:02 - Tomcat initialized with port(s): 8081 (http)
2023-05-03 20:43:02 - Initializing ProtocolHandler ["http-nio-8081"]
2023-05-03 20:43:02 - Starting service [Tomcat]
2023-05-03 20:43:02 - Starting Servlet engine: [Apache Tomcat/10.1.7]
2023-05-03 20:43:03 - Initializing Spring embedded WebApplicationContext
2023-05-03 20:43:03 - Root WebApplicationContext: initialization completed in 5488 ms
2023-05-03 20:43:04 - Starting ProtocolHandler ["http-nio-8081"]
2023-05-03 20:43:04 - Tomcat started on port(s): 8081 (http) with context path ''
2023-05-03 20:43:04 - Started TranslatorApp in 7.887 seconds (process running for 9.873)
2023-05-03 20:43:21 - Initializing Spring DispatcherServlet 'dispatcherServlet'
2023-05-03 20:43:21 - Initializing Servlet 'dispatcherServlet'
2023-05-03 20:43:21 - Completed initialization in 3 ms
2023-05-03 20:48:24 - HV000001: Hibernate Validator 8.0.0.Final
2023-05-03 20:48:24 - Starting TranslatorApp using Java 17.0.2 with PID 12084 (D:\Ann\education\hw\translator\target\classes started by Администратор in D:\Ann\education\hw\translator)
2023-05-03 20:48:24 - No active profile set, falling back to 1 default profile: "default"
2023-05-03 20:48:27 - Tomcat initialized with port(s): 8081 (http)
2023-05-03 20:48:27 - Initializing ProtocolHandler ["http-nio-8081"]
2023-05-03 20:48:27 - Starting service [Tomcat]
2023-05-03 20:48:27 - Starting Servlet engine: [Apache Tomcat/10.1.7]
2023-05-03 20:48:27 - Initializing Spring embedded WebApplicationContext
2023-05-03 20:48:27 - Root WebApplicationContext: initialization completed in 2879 ms
2023-05-03 20:48:28 - Starting ProtocolHandler ["http-nio-8081"]
2023-05-03 20:48:28 - Tomcat started on port(s): 8081 (http) with context path ''
2023-05-03 20:48:28 - Started TranslatorApp in 4.753 seconds (process running for 6.651)
2023-05-03 20:49:07 - Initializing Spring DispatcherServlet 'dispatcherServlet'
2023-05-03 20:49:07 - Initializing Servlet 'dispatcherServlet'
2023-05-03 20:49:07 - Completed initialization in 4 ms
2023-05-03 20:56:25 - HV000001: Hibernate Validator 8.0.0.Final
2023-05-03 20:56:25 - Starting TranslatorApp using Java 17.0.2 with PID 8232 (D:\Ann\education\hw\translator\target\classes started by Администратор in D:\Ann\education\hw\translator)
2023-05-03 20:56:25 - No active profile set, falling back to 1 default profile: "default"
2023-05-03 20:56:28 - Tomcat initialized with port(s): 8081 (http)
2023-05-03 20:56:28 - Initializing ProtocolHandler ["http-nio-8081"]
2023-05-03 20:56:28 - Starting service [Tomcat]
2023-05-03 20:56:28 - Starting Servlet engine: [Apache Tomcat/10.1.7]
2023-05-03 20:56:28 - Initializing Spring embedded WebApplicationContext
2023-05-03 20:56:28 - Root WebApplicationContext: initialization completed in 2823 ms
2023-05-03 20:56:29 - Starting ProtocolHandler ["http-nio-8081"]
2023-05-03 20:56:29 - Tomcat started on port(s): 8081 (http) with context path ''
2023-05-03 20:56:29 - Started TranslatorApp in 4.497 seconds (process running for 5.762)
2023-05-03 20:56:33 - Initializing Spring DispatcherServlet 'dispatcherServlet'
2023-05-03 20:56:33 - Initializing Servlet 'dispatcherServlet'
2023-05-03 20:56:33 - Completed initialization in 9 ms
2023-05-03 20:57:45 - HV000001: Hibernate Validator 8.0.0.Final
2023-05-03 20:57:45 - Starting TranslatorApp using Java 17.0.2 with PID 13668 (D:\Ann\education\hw\translator\target\classes started by Администратор in D:\Ann\education\hw\translator)
2023-05-03 20:57:45 - No active profile set, falling back to 1 default profile: "default"
2023-05-03 20:57:48 - Tomcat initialized with port(s): 8081 (http)
2023-05-03 20:57:48 - Initializing ProtocolHandler ["http-nio-8081"]
2023-05-03 20:57:48 - Starting service [Tomcat]
2023-05-03 20:57:48 - Starting Servlet engine: [Apache Tomcat/10.1.7]
2023-05-03 20:57:48 - Initializing Spring embedded WebApplicationContext
2023-05-03 20:57:48 - Root WebApplicationContext: initialization completed in 3068 ms
2023-05-03 20:57:49 - Starting ProtocolHandler ["http-nio-8081"]
2023-05-03 20:57:49 - Tomcat started on port(s): 8081 (http) with context path ''
2023-05-03 20:57:49 - Started TranslatorApp in 4.971 seconds (process running for 6.597)
2023-05-03 20:57:53 - Initializing Spring DispatcherServlet 'dispatcherServlet'
2023-05-03 20:57:53 - Initializing Servlet 'dispatcherServlet'
2023-05-03 20:57:53 - Completed initialization in 4 ms
2023-05-03 21:00:23 - HV000001: Hibernate Validator 8.0.0.Final
2023-05-03 21:00:24 - Starting TranslatorApp using Java 17.0.2 with PID 15772 (D:\Ann\education\hw\translator\target\classes started by Администратор in D:\Ann\education\hw\translator)
2023-05-03 21:00:24 - No active profile set, falling back to 1 default profile: "default"
2023-05-03 21:00:27 - Tomcat initialized with port(s): 8081 (http)
2023-05-03 21:00:27 - Initializing ProtocolHandler ["http-nio-8081"]
2023-05-03 21:00:27 - Starting service [Tomcat]
2023-05-03 21:00:27 - Starting Servlet engine: [Apache Tomcat/10.1.7]
2023-05-03 21:00:28 - Initializing Spring embedded WebApplicationContext
2023-05-03 21:00:28 - Root WebApplicationContext: initialization completed in 3964 ms
2023-05-03 21:00:28 - Starting ProtocolHandler ["http-nio-8081"]
2023-05-03 21:00:28 - Tomcat started on port(s): 8081 (http) with context path ''
2023-05-03 21:00:28 - Started TranslatorApp in 5.862 seconds (process running for 7.579)
2023-05-03 21:00:33 - Initializing Spring DispatcherServlet 'dispatcherServlet'
2023-05-03 21:00:33 - Initializing Servlet 'dispatcherServlet'
2023-05-03 21:00:33 - Completed initialization in 5 ms
2023-05-03 21:03:32 - HV000001: Hibernate Validator 8.0.0.Final
2023-05-03 21:03:32 - Starting TranslatorApp using Java 17.0.2 with PID 8268 (D:\Ann\education\hw\translator\target\classes started by Администратор in D:\Ann\education\hw\translator)
2023-05-03 21:03:32 - No active profile set, falling back to 1 default profile: "default"
2023-05-03 21:03:36 - Tomcat initialized with port(s): 8081 (http)
2023-05-03 21:03:36 - Initializing ProtocolHandler ["http-nio-8081"]
2023-05-03 21:03:36 - Starting service [Tomcat]
2023-05-03 21:03:36 - Starting Servlet engine: [Apache Tomcat/10.1.7]
2023-05-03 21:03:36 - Initializing Spring embedded WebApplicationContext
2023-05-03 21:03:36 - Root WebApplicationContext: initialization completed in 4192 ms
2023-05-03 21:03:37 - Starting ProtocolHandler ["http-nio-8081"]
2023-05-03 21:03:37 - Tomcat started on port(s): 8081 (http) with context path ''
2023-05-03 21:03:37 - Started TranslatorApp in 6.273 seconds (process running for 7.736)
2023-05-03 21:03:58 - Initializing Spring DispatcherServlet 'dispatcherServlet'
2023-05-03 21:03:58 - Initializing Servlet 'dispatcherServlet'
2023-05-03 21:03:58 - Completed initialization in 3 ms
2023-05-03 21:07:10 - HV000001: Hibernate Validator 8.0.0.Final
2023-05-03 21:07:10 - Starting TranslatorApp using Java 17.0.2 with PID 3580 (D:\Ann\education\hw\translator\target\classes started by Администратор in D:\Ann\education\hw\translator)
2023-05-03 21:07:10 - No active profile set, falling back to 1 default profile: "default"
2023-05-03 21:07:14 - Tomcat initialized with port(s): 8081 (http)
2023-05-03 21:07:14 - Initializing ProtocolHandler ["http-nio-8081"]
2023-05-03 21:07:14 - Starting service [Tomcat]
2023-05-03 21:07:14 - Starting Servlet engine: [Apache Tomcat/10.1.7]
2023-05-03 21:07:14 - Initializing Spring embedded WebApplicationContext
2023-05-03 21:07:14 - Root WebApplicationContext: initialization completed in 3390 ms
2023-05-03 21:07:15 - Starting ProtocolHandler ["http-nio-8081"]
2023-05-03 21:07:15 - Tomcat started on port(s): 8081 (http) with context path ''
2023-05-03 21:07:15 - Started TranslatorApp in 5.522 seconds (process running for 7.501)
2023-05-03 21:07:29 - Initializing Spring DispatcherServlet 'dispatcherServlet'
2023-05-03 21:07:29 - Initializing Servlet 'dispatcherServlet'
2023-05-03 21:07:29 - Completed initialization in 1 ms
2023-05-03 21:46:08 - HV000001: Hibernate Validator 8.0.0.Final
2023-05-03 21:46:08 - Starting TranslatorApp using Java 17.0.2 with PID 14608 (D:\Ann\education\hw\translator\target\classes started by Администратор in D:\Ann\education\hw\translator)
2023-05-03 21:46:08 - No active profile set, falling back to 1 default profile: "default"
2023-05-03 21:46:12 - Tomcat initialized with port(s): 8081 (http)
2023-05-03 21:46:12 - Initializing ProtocolHandler ["http-nio-8081"]
2023-05-03 21:46:12 - Starting service [Tomcat]
2023-05-03 21:46:12 - Starting Servlet engine: [Apache Tomcat/10.1.7]
2023-05-03 21:46:12 - Initializing Spring embedded WebApplicationContext
2023-05-03 21:46:12 - Root WebApplicationContext: initialization completed in 3378 ms
2023-05-03 21:46:13 - Starting ProtocolHandler ["http-nio-8081"]
2023-05-03 21:46:13 - Tomcat started on port(s): 8081 (http) with context path ''
2023-05-03 21:46:13 - Started TranslatorApp in 5.904 seconds (process running for 7.227)
2023-05-03 21:46:27 - Initializing Spring DispatcherServlet 'dispatcherServlet'
2023-05-03 21:46:27 - Initializing Servlet 'dispatcherServlet'
2023-05-03 21:46:27 - Completed initialization in 1 ms
2023-05-03 21:47:12 - HV000001: Hibernate Validator 8.0.0.Final
2023-05-03 21:47:12 - Starting TranslatorApp using Java 17.0.2 with PID 15292 (D:\Ann\education\hw\translator\target\classes started by Администратор in D:\Ann\education\hw\translator)
2023-05-03 21:47:12 - No active profile set, falling back to 1 default profile: "default"
2023-05-03 21:47:16 - Tomcat initialized with port(s): 8081 (http)
2023-05-03 21:47:16 - Initializing ProtocolHandler ["http-nio-8081"]
2023-05-03 21:47:16 - Starting service [Tomcat]
2023-05-03 21:47:16 - Starting Servlet engine: [Apache Tomcat/10.1.7]
2023-05-03 21:47:16 - Initializing Spring embedded WebApplicationContext
2023-05-03 21:47:16 - Root WebApplicationContext: initialization completed in 3592 ms
2023-05-03 21:47:17 - Starting ProtocolHandler ["http-nio-8081"]
2023-05-03 21:47:17 - Tomcat started on port(s): 8081 (http) with context path ''
2023-05-03 21:47:17 - Started TranslatorApp in 5.526 seconds (process running for 8.183)
2023-05-03 21:47:19 - Initializing Spring DispatcherServlet 'dispatcherServlet'
2023-05-03 21:47:19 - Initializing Servlet 'dispatcherServlet'
2023-05-03 21:47:19 - Completed initialization in 2 ms
2023-05-03 21:48:57 - HV000001: Hibernate Validator 8.0.0.Final
2023-05-03 21:48:57 - Starting TranslatorApp using Java 17.0.2 with PID 15880 (D:\Ann\education\hw\translator\target\classes started by Администратор in D:\Ann\education\hw\translator)
2023-05-03 21:48:57 - No active profile set, falling back to 1 default profile: "default"
2023-05-03 21:49:00 - Tomcat initialized with port(s): 8081 (http)
2023-05-03 21:49:00 - Initializing ProtocolHandler ["http-nio-8081"]
2023-05-03 21:49:00 - Starting service [Tomcat]
2023-05-03 21:49:00 - Starting Servlet engine: [Apache Tomcat/10.1.7]
2023-05-03 21:49:01 - Initializing Spring embedded WebApplicationContext
2023-05-03 21:49:01 - Root WebApplicationContext: initialization completed in 3702 ms
2023-05-03 21:49:02 - Starting ProtocolHandler ["http-nio-8081"]
2023-05-03 21:49:02 - Tomcat started on port(s): 8081 (http) with context path ''
2023-05-03 21:49:02 - Started TranslatorApp in 5.864 seconds (process running for 7.545)
2023-05-03 21:49:08 - Initializing Spring DispatcherServlet 'dispatcherServlet'
2023-05-03 21:49:08 - Initializing Servlet 'dispatcherServlet'
2023-05-03 21:49:08 - Completed initialization in 2 ms
2023-05-03 22:13:33 - HV000001: Hibernate Validator 8.0.0.Final
2023-05-03 22:13:33 - Starting TranslatorApp using Java 17.0.2 with PID 4576 (D:\Ann\education\hw\translator\target\classes started by Администратор in D:\Ann\education\hw\translator)
2023-05-03 22:13:33 - No active profile set, falling back to 1 default profile: "default"
2023-05-03 22:13:35 - Tomcat initialized with port(s): 8081 (http)
2023-05-03 22:13:35 - Initializing ProtocolHandler ["http-nio-8081"]
2023-05-03 22:13:35 - Starting service [Tomcat]
2023-05-03 22:13:35 - Starting Servlet engine: [Apache Tomcat/10.1.7]
2023-05-03 22:13:36 - Initializing Spring embedded WebApplicationContext
2023-05-03 22:13:36 - Root WebApplicationContext: initialization completed in 2642 ms
2023-05-03 22:13:36 - Starting ProtocolHandler ["http-nio-8081"]
2023-05-03 22:13:36 - Tomcat started on port(s): 8081 (http) with context path ''
2023-05-03 22:13:36 - Started TranslatorApp in 4.475 seconds (process running for 5.741)
2023-05-03 22:13:46 - Initializing Spring DispatcherServlet 'dispatcherServlet'
2023-05-03 22:13:46 - Initializing Servlet 'dispatcherServlet'
2023-05-03 22:13:46 - Completed initialization in 1 ms
2023-05-03 22:13:46 - Переводим слово 'Агафья' как 'Агаѳья'
2023-05-03 22:13:57 - Переводим слово 'Ответ' как 'отвѣтъ'
2023-05-03 22:14:24 - Переводим слово 'Мария' как 'Марія'
